<?xml version="1.0" encoding="UTF-8"?>
<!-- Generated by org.testng.reporters.JUnitXMLReporter -->
<testsuite ignored="0" hostname="Soumali" failures="1" tests="4" name="PetTests" time="8.146" errors="0" timestamp="2026-02-18T22:25:37 IST">
  <testcase classname="api.test.UserTests2" name="testPostUser" time="2.566"/>
  <testcase classname="api.test.UserTests2" name="testGetUserByName" time="1.241"/>
  <testcase classname="api.test.UserTests2" name="testUpdateUserByName" time="1.175">
    <failure type="junit.framework.AssertionFailedError" message="expected:&amp;lt;200&amp;gt; but was:&amp;lt;405&amp;gt;">
      <![CDATA[junit.framework.AssertionFailedError: expected:<200> but was:<405>
at junit.framework.Assert.fail(Assert.java:47)
at junit.framework.Assert.failNotEquals(Assert.java:282)
at junit.framework.Assert.assertEquals(Assert.java:64)
at junit.framework.Assert.assertEquals(Assert.java:201)
at junit.framework.Assert.assertEquals(Assert.java:207)
at api.test.UserTests2.testUpdateUserByName(UserTests2.java:70)
at java.base/java.util.ArrayList.forEach(ArrayList.java:1596)
... Removed 29 stack frames]]>
    </failure>
  </testcase> <!-- testUpdateUserByName -->
  <testcase classname="api.test.UserTests2" name="testDeleteUserByName" time="2.779"/>
</testsuite> <!-- PetTests -->
