<?xml version="1.0" encoding="UTF-8"?>
<!-- Generated by org.testng.reporters.JUnitXMLReporter -->
<testsuite ignored="0" hostname="Soumali" failures="2" tests="10" name="PetTests" time="20.923" errors="0" timestamp="2026-02-08T22:24:49 IST">
  <testcase classname="api.test.UserTests" name="testPostUser" time="2.718"/>
  <testcase classname="api.test.UserTests" name="testGetUserByName" time="1.892">
    <failure type="junit.framework.AssertionFailedError" message="expected:&amp;lt;405&amp;gt; but was:&amp;lt;200&amp;gt;">
      <![CDATA[junit.framework.AssertionFailedError: expected:<405> but was:<200>
at junit.framework.Assert.fail(Assert.java:47)
at junit.framework.Assert.failNotEquals(Assert.java:282)
at junit.framework.Assert.assertEquals(Assert.java:64)
at junit.framework.Assert.assertEquals(Assert.java:201)
at junit.framework.Assert.assertEquals(Assert.java:207)
at api.test.UserTests.testGetUserByName(UserTests.java:45)
at java.base/java.util.ArrayList.forEach(ArrayList.java:1596)
... Removed 25 stack frames]]>
    </failure>
  </testcase> <!-- testGetUserByName -->
  <testcase classname="api.test.UserTests" name="testUpdateUserByName" time="2.775">
    <failure type="junit.framework.AssertionFailedError" message="expected:&amp;lt;405&amp;gt; but was:&amp;lt;200&amp;gt;">
      <![CDATA[junit.framework.AssertionFailedError: expected:<405> but was:<200>
at junit.framework.Assert.fail(Assert.java:47)
at junit.framework.Assert.failNotEquals(Assert.java:282)
at junit.framework.Assert.assertEquals(Assert.java:64)
at junit.framework.Assert.assertEquals(Assert.java:201)
at junit.framework.Assert.assertEquals(Assert.java:207)
at api.test.UserTests.testUpdateUserByName(UserTests.java:63)
at java.base/java.util.ArrayList.forEach(ArrayList.java:1596)
... Removed 25 stack frames]]>
    </failure>
  </testcase> <!-- testUpdateUserByName -->
  <testcase classname="api.test.UserTests" name="testDeleteUserByName" time="1.387"/>
  <testcase classname="api.test.DDTests" name="testPostuser" time="1.158"/>
  <testcase classname="api.test.DDTests" name="testPostuser" time="1.414"/>
  <testcase classname="api.test.DDTests" name="testPostuser" time="1.425"/>
  <testcase classname="api.test.DDTests" name="testDeleteUserByName" time="1.528"/>
  <testcase classname="api.test.DDTests" name="testDeleteUserByName" time="3.94"/>
  <testcase classname="api.test.DDTests" name="testDeleteUserByName" time="1.557"/>
</testsuite> <!-- PetTests -->
