<?xml version="1.0" encoding="UTF-8"?>
<!-- Generated by org.testng.reporters.JUnitReportReporter -->
<testsuite hostname="Soumali" failures="0" tests="6" name="api.test.DDTests" time="11.022" errors="0" timestamp="2026-02-08T22:24:50 IST" skipped="0">
  <testcase classname="api.test.DDTests" name="testPostuser" time="1.158"/>
  <testcase classname="api.test.DDTests" name="testPostuser" time="1.414"/>
  <testcase classname="api.test.DDTests" name="testPostuser" time="1.425"/>
  <testcase classname="api.test.DDTests" name="testDeleteUserByName" time="3.940"/>
  <testcase classname="api.test.DDTests" name="testDeleteUserByName" time="1.528"/>
  <testcase classname="api.test.DDTests" name="testDeleteUserByName" time="1.557"/>
</testsuite> <!-- api.test.DDTests -->
