<?xml version="1.0" encoding="UTF-8"?>
<!-- Generated by org.testng.reporters.JUnitXMLReporter -->
<testsuite ignored="0" hostname="Soumali" failures="1" tests="10" name="PetTests" time="15.928" errors="0" timestamp="2026-02-11T19:31:41 IST">
  <testcase classname="api.test.UserTests" name="testPostUser" time="2.745"/>
  <testcase classname="api.test.UserTests" name="testGetUserByName" time="1.581"/>
  <testcase classname="api.test.UserTests" name="testUpdateUserByName" time="1.345">
    <failure type="junit.framework.AssertionFailedError" message="expected:&amp;lt;200&amp;gt; but was:&amp;lt;405&amp;gt;">
      <![CDATA[junit.framework.AssertionFailedError: expected:<200> but was:<405>
at junit.framework.Assert.fail(Assert.java:47)
at junit.framework.Assert.failNotEquals(Assert.java:282)
at junit.framework.Assert.assertEquals(Assert.java:64)
at junit.framework.Assert.assertEquals(Assert.java:201)
at junit.framework.Assert.assertEquals(Assert.java:207)
at api.test.UserTests.testUpdateUserByName(UserTests.java:72)
at java.base/java.util.ArrayList.forEach(ArrayList.java:1596)
... Removed 25 stack frames]]>
    </failure>
  </testcase> <!-- testUpdateUserByName -->
  <testcase classname="api.test.UserTests" name="testDeleteUserByName" time="1.099"/>
  <testcase classname="api.test.DDTests" name="testPostuser" time="1.577"/>
  <testcase classname="api.test.DDTests" name="testPostuser" time="1.371"/>
  <testcase classname="api.test.DDTests" name="testPostuser" time="1.141"/>
  <testcase classname="api.test.DDTests" name="testDeleteUserByName" time="1.442"/>
  <testcase classname="api.test.DDTests" name="testDeleteUserByName" time="1.467"/>
  <testcase classname="api.test.DDTests" name="testDeleteUserByName" time="1.157"/>
</testsuite> <!-- PetTests -->
