<?xml version="1.0" encoding="UTF-8"?>
<!-- Generated by org.testng.reporters.JUnitReportReporter -->
<testsuite hostname="Soumali" failures="0" tests="6" name="api.test.DDTests" time="8.155" errors="0" timestamp="2026-02-11T19:31:41 IST" skipped="0">
  <testcase classname="api.test.DDTests" name="testPostuser" time="1.371"/>
  <testcase classname="api.test.DDTests" name="testPostuser" time="1.577"/>
  <testcase classname="api.test.DDTests" name="testPostuser" time="1.141"/>
  <testcase classname="api.test.DDTests" name="testDeleteUserByName" time="1.467"/>
  <testcase classname="api.test.DDTests" name="testDeleteUserByName" time="1.157"/>
  <testcase classname="api.test.DDTests" name="testDeleteUserByName" time="1.442"/>
</testsuite> <!-- api.test.DDTests -->
